[2026-06-23T09:12:38.041Z] Error: Error parsing /home/du/WorkSpace/dx-fitness/fitness-crm/src/lib/openapi.json: missed comma between flow collection entries (21702:30)

 21699 |         "description": "オプション削除レスポンス"
 21700 |       },
 21701 | <<<<<<< HEAD
 21702 |       "VisitExperienceStatus": {
--------------------------------------^
 21703 |         "type": "string",
 21704 |         "enum": [
Stack:
JSONParserError: Error parsing /home/du/WorkSpace/dx-fitness/fitness-crm/src/lib/openapi.json: missed comma between flow collection entries (21702:30)

 21699 |         "description": "オプション削除レスポンス"
 21700 |       },
 21701 | <<<<<<< HEAD
 21702 |       "VisitExperienceStatus": {
--------------------------------------^
 21703 |         "type": "string",
 21704 |         "enum": [
    at Object.handler (file:///home/du/WorkSpace/dx-fitness/fitness-crm/node_modules/.pnpm/@hey-api+json-schema-ref-parser@1.3.1/node_modules/@hey-api/json-schema-ref-parser/dist/index.mjs:1134:10)
    at runNextPlugin (file:///home/du/WorkSpace/dx-fitness/fitness-crm/node_modules/.pnpm/@hey-api+json-schema-ref-parser@1.3.1/node_modules/@hey-api/json-schema-ref-parser/dist/index.mjs:1175:33)
    at runNextPlugin (file:///home/du/WorkSpace/dx-fitness/fitness-crm/node_modules/.pnpm/@hey-api+json-schema-ref-parser@1.3.1/node_modules/@hey-api/json-schema-ref-parser/dist/index.mjs:1186:5)
